2019-08-06 08:14:53.155 [main] DEBUG com.imooc.o2o.dao.AreaDao.queryArea - ==>  Preparing: SELECT * FROM tb_area ORDER BY priority DESC; 
2019-08-06 08:14:53.173 [main] DEBUG com.imooc.o2o.dao.AreaDao.queryArea - ==> Parameters: 
2019-08-06 08:14:53.185 [main] DEBUG com.imooc.o2o.dao.AreaDao.queryArea - <==      Total: 3
2019-08-06 08:16:18.132 [main] DEBUG com.imooc.o2o.dao.AreaDao.queryArea - ==>  Preparing: SELECT * FROM tb_area ORDER BY priority DESC; 
2019-08-06 08:16:18.148 [main] DEBUG com.imooc.o2o.dao.AreaDao.queryArea - ==> Parameters: 
2019-08-06 08:16:18.158 [main] DEBUG com.imooc.o2o.dao.AreaDao.queryArea - <==      Total: 3
2019-08-06 08:17:09.150 [main] DEBUG com.imooc.o2o.dao.AreaDao.queryArea - ==>  Preparing: SELECT * FROM tb_area ORDER BY priority DESC; 
2019-08-06 08:17:09.170 [main] DEBUG com.imooc.o2o.dao.AreaDao.queryArea - ==> Parameters: 
2019-08-06 08:17:09.180 [main] DEBUG com.imooc.o2o.dao.AreaDao.queryArea - <==      Total: 3
2019-08-06 08:39:00.234 [main] DEBUG com.imooc.o2o.dao.ShopDao.queryShopList - ==>  Preparing: SELECT s.shop_id, s.shop_name, s.shop_desc, s.shop_addr, s.phone, s.shop_img, s.priority, s.create_time, s.last_edit_time, s.enable_status, s.advice, a.area_id, a.area_name, sc.shop_category_id, sc.shop_category_name FROM tb_shop s, tb_area a, tb_shop_category sc WHERE s.owner_id = ? AND s.area_id=a.area_id AND s.shop_category_id=sc.shop_category_id order by s.priority DESC LIMIT ?,?; 
2019-08-06 08:39:00.250 [main] DEBUG com.imooc.o2o.dao.ShopDao.queryShopList - ==> Parameters: 1(Long), 0(Integer), 2(Integer)
2019-08-06 08:39:00.294 [main] DEBUG com.imooc.o2o.dao.ShopDao.queryShopList - <==      Total: 2
2019-08-06 08:39:00.298 [main] DEBUG com.imooc.o2o.dao.ShopDao.queryShopCount - ==>  Preparing: SELECT count(1) FROM tb_shop s, tb_area a, tb_shop_category sc WHERE s.owner_id = ? AND s.area_id=a.area_id AND s.shop_category_id=sc.shop_category_id 
2019-08-06 08:39:00.298 [main] DEBUG com.imooc.o2o.dao.ShopDao.queryShopCount - ==> Parameters: 1(Long)
2019-08-06 08:39:00.302 [main] DEBUG com.imooc.o2o.dao.ShopDao.queryShopCount - <==      Total: 1
2019-08-06 08:39:36.681 [main] DEBUG com.imooc.o2o.dao.ShopDao.insertShop - ==>  Preparing: INSERT INTO tb_shop(owner_id,area_id,shop_category_id, shop_name,shop_desc,shop_addr,phone,shop_img, priority,create_time,last_edit_time, enable_status,advice) VALUES (?,?,?, ?,?,?,?,?, ?,?,?, ?,?) 
2019-08-06 08:39:36.700 [main] DEBUG com.imooc.o2o.dao.ShopDao.insertShop - ==> Parameters: 1(Long), 2(Integer), 1(Long), 测试店铺(String), 测试信息(String), 测试地址(String), 测试电话(String), 测试图片(String), null, 2019-08-06 08:39:36.492(Timestamp), null, 1(Integer), 审核中(String)
2019-08-06 08:39:36.734 [main] DEBUG com.imooc.o2o.dao.ShopDao.insertShop - <==    Updates: 1
2019-08-06 08:39:53.574 [main] DEBUG com.imooc.o2o.dao.ShopDao.insertShop - ==>  Preparing: INSERT INTO tb_shop(owner_id,area_id,shop_category_id, shop_name,shop_desc,shop_addr,phone,shop_img, priority,create_time,last_edit_time, enable_status,advice) VALUES (?,?,?, ?,?,?,?,?, ?,?,?, ?,?) 
2019-08-06 08:39:53.593 [main] DEBUG com.imooc.o2o.dao.ShopDao.insertShop - ==> Parameters: 1(Long), 2(Integer), 1(Long), 测试店铺(String), 测试信息(String), 测试地址(String), 测试电话(String), 测试图片(String), null, 2019-08-06 08:39:53.387(Timestamp), null, 1(Integer), 审核中(String)
2019-08-06 08:39:53.627 [main] DEBUG com.imooc.o2o.dao.ShopDao.insertShop - <==    Updates: 1
2019-08-06 11:56:50.326 [main] DEBUG com.imooc.o2o.dao.ShopDao.queryByShopId - ==>  Preparing: SELECT s.shop_id, s.shop_name, s.shop_desc, s.shop_addr, s.phone, s.shop_img, s.priority, s.create_time, s.last_edit_time, s.enable_status, s.advice, a.area_id, a.area_name, sc.shop_category_id, sc.shop_category_name FROM tb_shop s, tb_area a, tb_shop_category sc WHERE s.area_id=a.area_id AND s.shop_category_id=sc.shop_category_id AND s.shop_id=? 
2019-08-06 11:56:50.345 [main] DEBUG com.imooc.o2o.dao.ShopDao.queryByShopId - ==> Parameters: 1(Long)
2019-08-06 11:56:50.358 [main] DEBUG com.imooc.o2o.dao.ShopDao.queryByShopId - <==      Total: 1
2019-08-06 11:56:51.016 [main] DEBUG com.imooc.o2o.dao.ShopDao.updateShop - ==>  Preparing: update tb_shop SET shop_name=?, shop_img=?, last_edit_time=? WHERE shop_id=? 
2019-08-06 11:56:51.017 [main] DEBUG com.imooc.o2o.dao.ShopDao.updateShop - ==> Parameters: 修改后的店铺名称 (String), upload\itme\shop\1\2019080611565051808.jpg(String), 2019-08-06 11:56:51.001(Timestamp), 1(Long)
2019-08-06 11:56:51.024 [main] DEBUG com.imooc.o2o.dao.ShopDao.updateShop - <==    Updates: 1
2019-08-06 11:56:51.024 [main] DEBUG com.imooc.o2o.dao.ShopDao.queryByShopId - ==>  Preparing: SELECT s.shop_id, s.shop_name, s.shop_desc, s.shop_addr, s.phone, s.shop_img, s.priority, s.create_time, s.last_edit_time, s.enable_status, s.advice, a.area_id, a.area_name, sc.shop_category_id, sc.shop_category_name FROM tb_shop s, tb_area a, tb_shop_category sc WHERE s.area_id=a.area_id AND s.shop_category_id=sc.shop_category_id AND s.shop_id=? 
2019-08-06 11:56:51.024 [main] DEBUG com.imooc.o2o.dao.ShopDao.queryByShopId - ==> Parameters: 1(Long)
2019-08-06 11:56:51.025 [main] DEBUG com.imooc.o2o.dao.ShopDao.queryByShopId - <==      Total: 1
